{"date":"Thu Mar 27 2025 05:01:27 GMT-0300 (Horário Padrão de Brasília)","error":{},"exception":true,"level":"error","message":"uncaughtException: jest is not defined\nReferenceError: jest is not defined\n    at Object.<anonymous> (C:\\Users\\note\\Documents\\GIC\\GIC Bot Sinal\\gic-bot-sinal\\test\\test.js:11:1)\n    at Module._compile (node:internal/modules/cjs/loader:1562:14)\n    at Object..js (node:internal/modules/cjs/loader:1699:10)\n    at Module.load (node:internal/modules/cjs/loader:1313:32)\n    at Function._load (node:internal/modules/cjs/loader:1123:12)\n    at TracingChannel.traceSync (node:diagnostics_channel:322:14)\n    at wrapModuleLoad (node:internal/modules/cjs/loader:217:24)\n    at Function.executeUserEntryPoint [as runMain] (node:internal/modules/run_main:170:5)\n    at node:internal/main/run_main_module:36:49","os":{"loadavg":[0,0,0],"uptime":49157.468},"process":{"argv":["C:\\Program Files\\nodejs\\node.exe","C:\\Users\\note\\Documents\\GIC\\GIC Bot Sinal\\gic-bot-sinal\\test\\test.js"],"cwd":"C:\\Users\\note\\Documents\\GIC\\GIC Bot Sinal\\gic-bot-sinal","execPath":"C:\\Program Files\\nodejs\\node.exe","gid":null,"memoryUsage":{"arrayBuffers":86138,"external":3325127,"heapTotal":64606208,"heapUsed":34135552,"rss":102760448},"pid":25872,"uid":null,"version":"v22.13.1"},"stack":"ReferenceError: jest is not defined\n    at Object.<anonymous> (C:\\Users\\note\\Documents\\GIC\\GIC Bot Sinal\\gic-bot-sinal\\test\\test.js:11:1)\n    at Module._compile (node:internal/modules/cjs/loader:1562:14)\n    at Object..js (node:internal/modules/cjs/loader:1699:10)\n    at Module.load (node:internal/modules/cjs/loader:1313:32)\n    at Function._load (node:internal/modules/cjs/loader:1123:12)\n    at TracingChannel.traceSync (node:diagnostics_channel:322:14)\n    at wrapModuleLoad (node:internal/modules/cjs/loader:217:24)\n    at Function.executeUserEntryPoint [as runMain] (node:internal/modules/run_main:170:5)\n    at node:internal/main/run_main_module:36:49","timestamp":"2025-03-27T08:01:27.793Z","trace":[{"column":1,"file":"C:\\Users\\note\\Documents\\GIC\\GIC Bot Sinal\\gic-bot-sinal\\test\\test.js","function":null,"line":11,"method":null,"native":false},{"column":14,"file":"node:internal/modules/cjs/loader","function":"Module._compile","line":1562,"method":"_compile","native":false},{"column":10,"file":"node:internal/modules/cjs/loader","function":"Object..js","line":1699,"method":".js","native":false},{"column":32,"file":"node:internal/modules/cjs/loader","function":"Module.load","line":1313,"method":"load","native":false},{"column":12,"file":"node:internal/modules/cjs/loader","function":"Function._load","line":1123,"method":"_load","native":false},{"column":14,"file":"node:diagnostics_channel","function":"TracingChannel.traceSync","line":322,"method":"traceSync","native":false},{"column":24,"file":"node:internal/modules/cjs/loader","function":"wrapModuleLoad","line":217,"method":null,"native":false},{"column":5,"file":"node:internal/modules/run_main","function":"Function.executeUserEntryPoint [as runMain]","line":170,"method":"executeUserEntryPoint [as runMain]","native":false},{"column":49,"file":"node:internal/main/run_main_module","function":null,"line":36,"method":null,"native":false}]}
{"level":"info","message":"Starting Tests...","timestamp":"2025-03-27T08:03:01.117Z"}
{"address":{"ens_domain_name":null,"hash":"0xdB17C4949B7c52B3A4346541F0638ab6254eFdA2","implementations":[],"is_contract":false,"is_verified":null,"metadata":null,"name":null,"private_tags":[],"proxy_type":null,"public_tags":[],"watchlist_names":[]},"block_hash":null,"block_number":1296742,"data":"0x0000000000000000000000000000000000000000000000b1fbd78e24535b3fdc00000000000000000000000000000000000000000000000000000000000000000000000000000000000000000000000000000000000000000000000000000000000000000000000000000000000000000000000000000206df3d30ea6e81e437","decoded":{"method_call":"Swap(address indexed sender, uint256 amount0In, uint256 amount1In, uint256 amount0Out, uint256 amount1Out, address indexed to)","method_id":"d78ad95f","parameters":[{"indexed":true,"name":"sender","type":"address","value":"0x283aE8d9a55E2995fd06953Cb211Ec39503042eC"},{"indexed":false,"name":"amount0In","type":"uint256","value":"3283220830556771794908"},{"indexed":false,"name":"amount1In","type":"uint256","value":"0"},{"indexed":false,"name":"amount0Out","type":"uint256","value":"0"},{"indexed":false,"name":"amount1Out","type":"uint256","value":"9571499497409019503671"},{"indexed":true,"name":"to","type":"address","value":"0x283aE8d9a55E2995fd06953Cb211Ec39503042eC"}]},"event_type":"Swap","index":4,"level":"info","message":"Swap Log Decoded: ","smart_contract":{"ens_domain_name":null,"hash":"0x283aE8d9a55E2995fd06953Cb211Ec39503042eC","implementations":[],"is_contract":true,"is_scam":false,"is_verified":false,"metadata":null,"name":null,"private_tags":[],"proxy_type":"unknown","public_tags":[],"watchlist_names":[]},"timestamp":1742440667,"topics":["0xd78ad95fa46c994b6551d0da85fc275fe613ce37657fb8d5e3d130840159d822","0x000000000000000000000000283ae8d9a55e2995fd06953cb211ec39503042ec","0x000000000000000000000000283ae8d9a55e2995fd06953cb211ec39503042ec",null],"transaction_hash":"0x2a6cf02d7d58a9cc25d0b5226f1f050bd3ed89672736fe65e7b3f5a546246967"}
{"address":{"ens_domain_name":null,"hash":"0xdB17C4949B7c52B3A4346541F0638ab6254eFdA2","implementations":[],"is_contract":false,"is_verified":null,"metadata":null,"name":null,"private_tags":[],"proxy_type":null,"public_tags":[],"watchlist_names":[]},"block_hash":null,"block_number":1296742,"data":"0x00000000000000000000000000000000000000000000fc12dd4e9cbe4906a8f100000000000000000000000000000000000000000002deacb0d41ad1da0254cf","decoded":{"method_call":"Sync(uint112 reserve0, uint112 reserve1)","method_id":"1c411e9a","parameters":[{"indexed":false,"name":"reserve0","type":"uint112","value":"1190384341932149014178033"},{"indexed":false,"name":"reserve1","type":"uint112","value":"3469402580245731975779535"}]},"event_type":"Sync","index":3,"level":"info","message":"Sync Log Decoded: ","smart_contract":{"ens_domain_name":null,"hash":"0xdB17C4949B7c52B3A4346541F0638ab6254eFdA2","implementations":[],"is_contract":true,"is_scam":false,"is_verified":false,"metadata":null,"name":null,"private_tags":[],"proxy_type":"unknown","public_tags":[],"watchlist_names":[]},"timestamp":1742440667,"topics":["0x1c411e9a96e071241c2f21f7726b17ae89e3cab4c78be50e062b03a9fffbbad1",null,null,null],"transaction_hash":"0x2a6cf02d7d58a9cc25d0b5226f1f050bd3ed89672736fe65e7b3f5a546246967"}
{"level":"info","message":"Result TestgetSwapGraph:","timestamp":"2025-03-27T08:03:01.977Z"}
{"level":"info","message":"Result TestgetAllPairs:","timestamp":"2025-03-27T08:03:02.453Z"}
{"level":"info","message":"Result Testdexdata:","timestamp":"2025-03-27T08:03:02.887Z"}
{"level":"info","message":"Result TestgetPairDetails:","timestamp":"2025-03-27T08:03:03.327Z"}
{"level":"info","message":"Result TestgetTokenConfigDetails:","timestamp":"2025-03-27T08:03:03.328Z"}
{"level":"info","message":"Result TestisEthereumToken:","timestamp":"2025-03-27T08:03:03.330Z"}
{"level":"info","message":"Result TestFaillisEthereumToken:","timestamp":"2025-03-27T08:03:03.331Z"}
{"level":"info","message":"Result TestgetTokenConfig:","timestamp":"2025-03-27T08:03:03.333Z"}
{"level":"error","message":"Error in TestcheckLog: checkLog is not a function","stack":"TypeError: checkLog is not a function\n    at Object.checkLog (C:\\Users\\note\\Documents\\GIC\\GIC Bot Sinal\\gic-bot-sinal\\test\\test.js:193:28)\n    at processTicksAndRejections (node:internal/process/task_queues:105:5)","timestamp":"2025-03-27T08:03:03.346Z"}
{"level":"info","message":"Decoded input data:","timestamp":"2025-03-27T08:03:03.359Z"}
{"level":"info","message":"Method id:","timestamp":"2025-03-27T08:03:03.360Z"}
{"level":"info","message":"Call:","timestamp":"2025-03-27T08:03:03.360Z"}
{"level":"info","message":"Name:","timestamp":"2025-03-27T08:03:03.361Z"}
{"level":"info","message":"Arg 1:","timestamp":"2025-03-27T08:03:03.362Z"}
{"level":"info","message":"Type:","timestamp":"2025-03-27T08:03:03.362Z"}
{"level":"info","message":"Data:","timestamp":"2025-03-27T08:03:03.363Z"}
{"level":"info","message":"Arg 2:","timestamp":"2025-03-27T08:03:03.363Z"}
{"level":"info","message":"Type:","timestamp":"2025-03-27T08:03:03.364Z"}
{"level":"info","message":"Data:","timestamp":"2025-03-27T08:03:03.364Z"}
{"level":"info","message":"Arg 3:","timestamp":"2025-03-27T08:03:03.365Z"}
{"level":"info","message":"Type:","timestamp":"2025-03-27T08:03:03.365Z"}
{"level":"info","message":"Data:","timestamp":"2025-03-27T08:03:03.365Z"}
{"level":"info","message":"Arg 4:","timestamp":"2025-03-27T08:03:03.366Z"}
{"level":"info","message":"Type:","timestamp":"2025-03-27T08:03:03.366Z"}
{"level":"info","message":"Data:","timestamp":"2025-03-27T08:03:03.366Z"}
{"level":"info","message":"Arg 5:","timestamp":"2025-03-27T08:03:03.367Z"}
{"level":"info","message":"Type:","timestamp":"2025-03-27T08:03:03.367Z"}
{"level":"info","message":"Data:","timestamp":"2025-03-27T08:03:03.368Z"}
{"0":"0x829f41402bD438E7c7121fbDa9E29976062D877F","1":"0xB47a97E4c65A38F7759d17C6414292E498A01538","level":"info","message":"Result TestInputData:","timestamp":"2025-03-27T08:03:03.368Z"}
{"accessList":null,"blockHash":"0x1669972e567398a311795b45b99c00aa2a731628bc34e169c8631209cfc9e5c0","blockNumber":1469241,"chainId":3364,"confirmations":34666,"creates":null,"data":"0x5c11d79500000000000000000000000000000000000000000000000ad78ebc5ac620000000000000000000000000000000000000000000000000000077b5ead2e304584900000000000000000000000000000000000000000000000000000000000000a0000000000000000000000000e2d07b166ae6332cd91409a7fa8f2bb7224050d50000000000000000000000000000000000000000000000000000000067e373cb0000000000000000000000000000000000000000000000000000000000000003000000000000000000000000da4c79abfec6ab6de5459feb601271d6a06f5a47000000000000000000000000b47a97e4c65a38f7759d17c6414292e498a01538000000000000000000000000230c655bb288f3a5d7cfb43a92e9cefebaab46ed","from":"0xE2D07b166AE6332Cd91409a7FA8f2bB7224050d5","gasLimit":{"hex":"0x040268","type":"BigNumber"},"gasPrice":{"hex":"0x3b9aca07","type":"BigNumber"},"hash":"0xe97d1f0741d5b576f0cf56e4fb330892acc69bc77e810439afd3674ce52b4552","level":"info","message":"Result TestGetTxData:","nonce":30,"r":"0xe07abe5b9bac709b0c378f53fca7f4337037f4aa0e8f4fa37aa18393d61d9c02","s":"0x6c2783dadbdcd9a5be9d7bd64666ea292cd4432800daac919989e15078e1d29a","timestamp":"2025-03-27T08:03:03.653Z","to":"0x283aE8d9a55E2995fd06953Cb211Ec39503042eC","transactionIndex":0,"type":0,"v":6764,"value":{"hex":"0x00","type":"BigNumber"}}
{"level":"info","message":"Tests Completed.","timestamp":"2025-03-27T08:03:03.656Z"}
{"level":"info","message":"Test Results:\n    TestDecodeLog: OK\n    TestgetSwapGraph: OK\n    TestgetAllPairs: OK\n    Testdexdata: OK\n    TestgetPairDetails: OK\n    TestgetTokenConfigDetails: OK\n    TestisEthereumToken: OK\n    TestFaillisEthereumToken: OK\n    TestgetTokenConfig: OK\n    TestcheckLog: Fail\n    TestInputData: OK\n    TestGetTxData: OK","timestamp":"2025-03-27T08:03:03.657Z"}
{"level":"info","message":"Starting Tests...","timestamp":"2025-03-27T08:05:15.755Z"}
{"address":{"ens_domain_name":null,"hash":"0xdB17C4949B7c52B3A4346541F0638ab6254eFdA2","implementations":[],"is_contract":false,"is_verified":null,"metadata":null,"name":null,"private_tags":[],"proxy_type":null,"public_tags":[],"watchlist_names":[]},"block_hash":null,"block_number":1296742,"data":"0x0000000000000000000000000000000000000000000000b1fbd78e24535b3fdc00000000000000000000000000000000000000000000000000000000000000000000000000000000000000000000000000000000000000000000000000000000000000000000000000000000000000000000000000000206df3d30ea6e81e437","decoded":{"method_call":"Swap(address indexed sender, uint256 amount0In, uint256 amount1In, uint256 amount0Out, uint256 amount1Out, address indexed to)","method_id":"d78ad95f","parameters":[{"indexed":true,"name":"sender","type":"address","value":"0x283aE8d9a55E2995fd06953Cb211Ec39503042eC"},{"indexed":false,"name":"amount0In","type":"uint256","value":"3283220830556771794908"},{"indexed":false,"name":"amount1In","type":"uint256","value":"0"},{"indexed":false,"name":"amount0Out","type":"uint256","value":"0"},{"indexed":false,"name":"amount1Out","type":"uint256","value":"9571499497409019503671"},{"indexed":true,"name":"to","type":"address","value":"0x283aE8d9a55E2995fd06953Cb211Ec39503042eC"}]},"event_type":"Swap","index":4,"level":"info","message":"Swap Log Decoded: ","smart_contract":{"ens_domain_name":null,"hash":"0x283aE8d9a55E2995fd06953Cb211Ec39503042eC","implementations":[],"is_contract":true,"is_scam":false,"is_verified":false,"metadata":null,"name":null,"private_tags":[],"proxy_type":"unknown","public_tags":[],"watchlist_names":[]},"timestamp":1742440667,"topics":["0xd78ad95fa46c994b6551d0da85fc275fe613ce37657fb8d5e3d130840159d822","0x000000000000000000000000283ae8d9a55e2995fd06953cb211ec39503042ec","0x000000000000000000000000283ae8d9a55e2995fd06953cb211ec39503042ec",null],"transaction_hash":"0x2a6cf02d7d58a9cc25d0b5226f1f050bd3ed89672736fe65e7b3f5a546246967"}
{"address":{"ens_domain_name":null,"hash":"0xdB17C4949B7c52B3A4346541F0638ab6254eFdA2","implementations":[],"is_contract":false,"is_verified":null,"metadata":null,"name":null,"private_tags":[],"proxy_type":null,"public_tags":[],"watchlist_names":[]},"block_hash":null,"block_number":1296742,"data":"0x00000000000000000000000000000000000000000000fc12dd4e9cbe4906a8f100000000000000000000000000000000000000000002deacb0d41ad1da0254cf","decoded":{"method_call":"Sync(uint112 reserve0, uint112 reserve1)","method_id":"1c411e9a","parameters":[{"indexed":false,"name":"reserve0","type":"uint112","value":"1190384341932149014178033"},{"indexed":false,"name":"reserve1","type":"uint112","value":"3469402580245731975779535"}]},"event_type":"Sync","index":3,"level":"info","message":"Sync Log Decoded: ","smart_contract":{"ens_domain_name":null,"hash":"0xdB17C4949B7c52B3A4346541F0638ab6254eFdA2","implementations":[],"is_contract":true,"is_scam":false,"is_verified":false,"metadata":null,"name":null,"private_tags":[],"proxy_type":"unknown","public_tags":[],"watchlist_names":[]},"timestamp":1742440667,"topics":["0x1c411e9a96e071241c2f21f7726b17ae89e3cab4c78be50e062b03a9fffbbad1",null,null,null],"transaction_hash":"0x2a6cf02d7d58a9cc25d0b5226f1f050bd3ed89672736fe65e7b3f5a546246967"}
{"level":"info","message":"Result TestgetSwapGraph:","timestamp":"2025-03-27T08:05:16.538Z"}
{"level":"info","message":"Result TestgetAllPairs:","timestamp":"2025-03-27T08:05:17.023Z"}
{"level":"info","message":"Result Testdexdata:","timestamp":"2025-03-27T08:05:17.473Z"}
{"level":"info","message":"Result TestgetPairDetails:","timestamp":"2025-03-27T08:05:17.914Z"}
{"level":"info","message":"Result TestgetTokenConfigDetails:","timestamp":"2025-03-27T08:05:17.916Z"}
{"level":"info","message":"Result TestisEthereumToken:","timestamp":"2025-03-27T08:05:17.918Z"}
{"level":"info","message":"Result TestFaillisEthereumToken:","timestamp":"2025-03-27T08:05:17.919Z"}
{"level":"info","message":"Result TestgetTokenConfig:","timestamp":"2025-03-27T08:05:17.921Z"}
{"level":"error","message":"Error in TestcheckLog: checkLog is not a function","stack":"TypeError: checkLog is not a function\n    at Object.checkLog (C:\\Users\\note\\Documents\\GIC\\GIC Bot Sinal\\gic-bot-sinal\\test\\test.js:193:28)\n    at processTicksAndRejections (node:internal/process/task_queues:105:5)","timestamp":"2025-03-27T08:05:17.933Z"}
{"level":"info","message":"Decoded input data:","timestamp":"2025-03-27T08:05:17.942Z"}
{"level":"info","message":"Method id:","timestamp":"2025-03-27T08:05:17.943Z"}
{"level":"info","message":"Call:","timestamp":"2025-03-27T08:05:17.944Z"}
{"level":"info","message":"Name:","timestamp":"2025-03-27T08:05:17.944Z"}
{"level":"info","message":"Arg 1:","timestamp":"2025-03-27T08:05:17.945Z"}
{"level":"info","message":"Type:","timestamp":"2025-03-27T08:05:17.946Z"}
{"level":"info","message":"Data:","timestamp":"2025-03-27T08:05:17.947Z"}
{"level":"info","message":"Arg 2:","timestamp":"2025-03-27T08:05:17.947Z"}
{"level":"info","message":"Type:","timestamp":"2025-03-27T08:05:17.948Z"}
{"level":"info","message":"Data:","timestamp":"2025-03-27T08:05:17.948Z"}
{"level":"info","message":"Arg 3:","timestamp":"2025-03-27T08:05:17.949Z"}
{"level":"info","message":"Type:","timestamp":"2025-03-27T08:05:17.949Z"}
{"level":"info","message":"Data:","timestamp":"2025-03-27T08:05:17.950Z"}
{"level":"info","message":"Arg 4:","timestamp":"2025-03-27T08:05:17.950Z"}
{"level":"info","message":"Type:","timestamp":"2025-03-27T08:05:17.951Z"}
{"level":"info","message":"Data:","timestamp":"2025-03-27T08:05:17.951Z"}
{"level":"info","message":"Arg 5:","timestamp":"2025-03-27T08:05:17.951Z"}
{"level":"info","message":"Type:","timestamp":"2025-03-27T08:05:17.952Z"}
{"level":"info","message":"Data:","timestamp":"2025-03-27T08:05:17.952Z"}
{"0":"0x829f41402bD438E7c7121fbDa9E29976062D877F","1":"0xB47a97E4c65A38F7759d17C6414292E498A01538","level":"info","message":"Result TestInputData:","timestamp":"2025-03-27T08:05:17.952Z"}
{"accessList":null,"blockHash":"0x1669972e567398a311795b45b99c00aa2a731628bc34e169c8631209cfc9e5c0","blockNumber":1469241,"chainId":3364,"confirmations":34711,"creates":null,"data":"0x5c11d79500000000000000000000000000000000000000000000000ad78ebc5ac620000000000000000000000000000000000000000000000000000077b5ead2e304584900000000000000000000000000000000000000000000000000000000000000a0000000000000000000000000e2d07b166ae6332cd91409a7fa8f2bb7224050d50000000000000000000000000000000000000000000000000000000067e373cb0000000000000000000000000000000000000000000000000000000000000003000000000000000000000000da4c79abfec6ab6de5459feb601271d6a06f5a47000000000000000000000000b47a97e4c65a38f7759d17c6414292e498a01538000000000000000000000000230c655bb288f3a5d7cfb43a92e9cefebaab46ed","from":"0xE2D07b166AE6332Cd91409a7FA8f2bB7224050d5","gasLimit":{"hex":"0x040268","type":"BigNumber"},"gasPrice":{"hex":"0x3b9aca07","type":"BigNumber"},"hash":"0xe97d1f0741d5b576f0cf56e4fb330892acc69bc77e810439afd3674ce52b4552","level":"info","message":"Result TestGetTxData:","nonce":30,"r":"0xe07abe5b9bac709b0c378f53fca7f4337037f4aa0e8f4fa37aa18393d61d9c02","s":"0x6c2783dadbdcd9a5be9d7bd64666ea292cd4432800daac919989e15078e1d29a","timestamp":"2025-03-27T08:05:18.240Z","to":"0x283aE8d9a55E2995fd06953Cb211Ec39503042eC","transactionIndex":0,"type":0,"v":6764,"value":{"hex":"0x00","type":"BigNumber"}}
{"level":"info","message":"Tests Completed.","timestamp":"2025-03-27T08:05:18.242Z"}
{"level":"info","message":"Test Results:\n    TestDecodeLog: OK\n    TestgetSwapGraph: OK\n    TestgetAllPairs: OK\n    Testdexdata: OK\n    TestgetPairDetails: OK\n    TestgetTokenConfigDetails: OK\n    TestisEthereumToken: OK\n    TestFaillisEthereumToken: OK\n    TestgetTokenConfig: OK\n    TestcheckLog: Fail\n    TestInputData: OK\n    TestGetTxData: OK","timestamp":"2025-03-27T08:05:18.243Z"}
{"level":"info","message":"Starting Tests...","timestamp":"2025-03-27T08:05:27.349Z"}
{"address":{"ens_domain_name":null,"hash":"0xdB17C4949B7c52B3A4346541F0638ab6254eFdA2","implementations":[],"is_contract":false,"is_verified":null,"metadata":null,"name":null,"private_tags":[],"proxy_type":null,"public_tags":[],"watchlist_names":[]},"block_hash":null,"block_number":1296742,"data":"0x0000000000000000000000000000000000000000000000b1fbd78e24535b3fdc00000000000000000000000000000000000000000000000000000000000000000000000000000000000000000000000000000000000000000000000000000000000000000000000000000000000000000000000000000206df3d30ea6e81e437","decoded":{"method_call":"Swap(address indexed sender, uint256 amount0In, uint256 amount1In, uint256 amount0Out, uint256 amount1Out, address indexed to)","method_id":"d78ad95f","parameters":[{"indexed":true,"name":"sender","type":"address","value":"0x283aE8d9a55E2995fd06953Cb211Ec39503042eC"},{"indexed":false,"name":"amount0In","type":"uint256","value":"3283220830556771794908"},{"indexed":false,"name":"amount1In","type":"uint256","value":"0"},{"indexed":false,"name":"amount0Out","type":"uint256","value":"0"},{"indexed":false,"name":"amount1Out","type":"uint256","value":"9571499497409019503671"},{"indexed":true,"name":"to","type":"address","value":"0x283aE8d9a55E2995fd06953Cb211Ec39503042eC"}]},"event_type":"Swap","index":4,"level":"info","message":"Swap Log Decoded: ","smart_contract":{"ens_domain_name":null,"hash":"0x283aE8d9a55E2995fd06953Cb211Ec39503042eC","implementations":[],"is_contract":true,"is_scam":false,"is_verified":false,"metadata":null,"name":null,"private_tags":[],"proxy_type":"unknown","public_tags":[],"watchlist_names":[]},"timestamp":1742440667,"topics":["0xd78ad95fa46c994b6551d0da85fc275fe613ce37657fb8d5e3d130840159d822","0x000000000000000000000000283ae8d9a55e2995fd06953cb211ec39503042ec","0x000000000000000000000000283ae8d9a55e2995fd06953cb211ec39503042ec",null],"transaction_hash":"0x2a6cf02d7d58a9cc25d0b5226f1f050bd3ed89672736fe65e7b3f5a546246967"}
{"address":{"ens_domain_name":null,"hash":"0xdB17C4949B7c52B3A4346541F0638ab6254eFdA2","implementations":[],"is_contract":false,"is_verified":null,"metadata":null,"name":null,"private_tags":[],"proxy_type":null,"public_tags":[],"watchlist_names":[]},"block_hash":null,"block_number":1296742,"data":"0x00000000000000000000000000000000000000000000fc12dd4e9cbe4906a8f100000000000000000000000000000000000000000002deacb0d41ad1da0254cf","decoded":{"method_call":"Sync(uint112 reserve0, uint112 reserve1)","method_id":"1c411e9a","parameters":[{"indexed":false,"name":"reserve0","type":"uint112","value":"1190384341932149014178033"},{"indexed":false,"name":"reserve1","type":"uint112","value":"3469402580245731975779535"}]},"event_type":"Sync","index":3,"level":"info","message":"Sync Log Decoded: ","smart_contract":{"ens_domain_name":null,"hash":"0xdB17C4949B7c52B3A4346541F0638ab6254eFdA2","implementations":[],"is_contract":true,"is_scam":false,"is_verified":false,"metadata":null,"name":null,"private_tags":[],"proxy_type":"unknown","public_tags":[],"watchlist_names":[]},"timestamp":1742440667,"topics":["0x1c411e9a96e071241c2f21f7726b17ae89e3cab4c78be50e062b03a9fffbbad1",null,null,null],"transaction_hash":"0x2a6cf02d7d58a9cc25d0b5226f1f050bd3ed89672736fe65e7b3f5a546246967"}
{"level":"info","message":"Result TestgetSwapGraph:","timestamp":"2025-03-27T08:05:28.146Z"}
{"level":"info","message":"Result TestgetAllPairs:","timestamp":"2025-03-27T08:05:28.593Z"}
{"level":"info","message":"Result Testdexdata:","timestamp":"2025-03-27T08:05:29.025Z"}
{"level":"info","message":"Result TestgetPairDetails:","timestamp":"2025-03-27T08:05:29.461Z"}
{"level":"info","message":"Result TestgetTokenConfigDetails:","timestamp":"2025-03-27T08:05:29.463Z"}
{"level":"info","message":"Result TestisEthereumToken:","timestamp":"2025-03-27T08:05:29.465Z"}
{"level":"info","message":"Result TestFaillisEthereumToken:","timestamp":"2025-03-27T08:05:29.467Z"}
{"level":"info","message":"Result TestgetTokenConfig:","timestamp":"2025-03-27T08:05:29.468Z"}
{"level":"error","message":"Error in TestcheckLog: checkLog is not a function","stack":"TypeError: checkLog is not a function\n    at Object.checkLog (C:\\Users\\note\\Documents\\GIC\\GIC Bot Sinal\\gic-bot-sinal\\test\\test.js:193:28)\n    at processTicksAndRejections (node:internal/process/task_queues:105:5)","timestamp":"2025-03-27T08:05:29.480Z"}
{"level":"info","message":"Decoded input data:","timestamp":"2025-03-27T08:05:29.491Z"}
{"level":"info","message":"Method id:","timestamp":"2025-03-27T08:05:29.491Z"}
{"level":"info","message":"Call:","timestamp":"2025-03-27T08:05:29.492Z"}
{"level":"info","message":"Name:","timestamp":"2025-03-27T08:05:29.493Z"}
{"level":"info","message":"Arg 1:","timestamp":"2025-03-27T08:05:29.494Z"}
{"level":"info","message":"Type:","timestamp":"2025-03-27T08:05:29.494Z"}
{"level":"info","message":"Data:","timestamp":"2025-03-27T08:05:29.495Z"}
{"level":"info","message":"Arg 2:","timestamp":"2025-03-27T08:05:29.496Z"}
{"level":"info","message":"Type:","timestamp":"2025-03-27T08:05:29.496Z"}
{"level":"info","message":"Data:","timestamp":"2025-03-27T08:05:29.497Z"}
{"level":"info","message":"Arg 3:","timestamp":"2025-03-27T08:05:29.497Z"}
{"level":"info","message":"Type:","timestamp":"2025-03-27T08:05:29.498Z"}
{"level":"info","message":"Data:","timestamp":"2025-03-27T08:05:29.498Z"}
{"level":"info","message":"Arg 4:","timestamp":"2025-03-27T08:05:29.498Z"}
{"level":"info","message":"Type:","timestamp":"2025-03-27T08:05:29.499Z"}
{"level":"info","message":"Data:","timestamp":"2025-03-27T08:05:29.499Z"}
{"level":"info","message":"Arg 5:","timestamp":"2025-03-27T08:05:29.499Z"}
{"level":"info","message":"Type:","timestamp":"2025-03-27T08:05:29.500Z"}
{"level":"info","message":"Data:","timestamp":"2025-03-27T08:05:29.500Z"}
{"0":"0x829f41402bD438E7c7121fbDa9E29976062D877F","1":"0xB47a97E4c65A38F7759d17C6414292E498A01538","level":"info","message":"Result TestInputData:","timestamp":"2025-03-27T08:05:29.500Z"}
{"accessList":null,"blockHash":"0x1669972e567398a311795b45b99c00aa2a731628bc34e169c8631209cfc9e5c0","blockNumber":1469241,"chainId":3364,"confirmations":34714,"creates":null,"data":"0x5c11d79500000000000000000000000000000000000000000000000ad78ebc5ac620000000000000000000000000000000000000000000000000000077b5ead2e304584900000000000000000000000000000000000000000000000000000000000000a0000000000000000000000000e2d07b166ae6332cd91409a7fa8f2bb7224050d50000000000000000000000000000000000000000000000000000000067e373cb0000000000000000000000000000000000000000000000000000000000000003000000000000000000000000da4c79abfec6ab6de5459feb601271d6a06f5a47000000000000000000000000b47a97e4c65a38f7759d17c6414292e498a01538000000000000000000000000230c655bb288f3a5d7cfb43a92e9cefebaab46ed","from":"0xE2D07b166AE6332Cd91409a7FA8f2bB7224050d5","gasLimit":{"hex":"0x040268","type":"BigNumber"},"gasPrice":{"hex":"0x3b9aca07","type":"BigNumber"},"hash":"0xe97d1f0741d5b576f0cf56e4fb330892acc69bc77e810439afd3674ce52b4552","level":"info","message":"Result TestGetTxData:","nonce":30,"r":"0xe07abe5b9bac709b0c378f53fca7f4337037f4aa0e8f4fa37aa18393d61d9c02","s":"0x6c2783dadbdcd9a5be9d7bd64666ea292cd4432800daac919989e15078e1d29a","timestamp":"2025-03-27T08:05:29.789Z","to":"0x283aE8d9a55E2995fd06953Cb211Ec39503042eC","transactionIndex":0,"type":0,"v":6764,"value":{"hex":"0x00","type":"BigNumber"}}
{"level":"info","message":"Tests Completed.","timestamp":"2025-03-27T08:05:29.792Z"}
{"level":"info","message":"Test Results:\n    TestDecodeLog: OK\n    TestgetSwapGraph: OK\n    TestgetAllPairs: OK\n    Testdexdata: OK\n    TestgetPairDetails: OK\n    TestgetTokenConfigDetails: OK\n    TestisEthereumToken: OK\n    TestFaillisEthereumToken: OK\n    TestgetTokenConfig: OK\n    TestcheckLog: Fail\n    TestInputData: OK\n    TestGetTxData: OK","timestamp":"2025-03-27T08:05:29.792Z"}
{"level":"info","message":"Starting Tests...","timestamp":"2025-03-27T08:07:32.447Z"}
{"address":{"ens_domain_name":null,"hash":"0xdB17C4949B7c52B3A4346541F0638ab6254eFdA2","implementations":[],"is_contract":false,"is_verified":null,"metadata":null,"name":null,"private_tags":[],"proxy_type":null,"public_tags":[],"watchlist_names":[]},"block_hash":null,"block_number":1296742,"data":"0x0000000000000000000000000000000000000000000000b1fbd78e24535b3fdc00000000000000000000000000000000000000000000000000000000000000000000000000000000000000000000000000000000000000000000000000000000000000000000000000000000000000000000000000000206df3d30ea6e81e437","decoded":{"method_call":"Swap(address indexed sender, uint256 amount0In, uint256 amount1In, uint256 amount0Out, uint256 amount1Out, address indexed to)","method_id":"d78ad95f","parameters":[{"indexed":true,"name":"sender","type":"address","value":"0x283aE8d9a55E2995fd06953Cb211Ec39503042eC"},{"indexed":false,"name":"amount0In","type":"uint256","value":"3283220830556771794908"},{"indexed":false,"name":"amount1In","type":"uint256","value":"0"},{"indexed":false,"name":"amount0Out","type":"uint256","value":"0"},{"indexed":false,"name":"amount1Out","type":"uint256","value":"9571499497409019503671"},{"indexed":true,"name":"to","type":"address","value":"0x283aE8d9a55E2995fd06953Cb211Ec39503042eC"}]},"event_type":"Swap","index":4,"level":"info","message":"Swap Log Decoded: ","smart_contract":{"ens_domain_name":null,"hash":"0x283aE8d9a55E2995fd06953Cb211Ec39503042eC","implementations":[],"is_contract":true,"is_scam":false,"is_verified":false,"metadata":null,"name":null,"private_tags":[],"proxy_type":"unknown","public_tags":[],"watchlist_names":[]},"timestamp":1742440667,"topics":["0xd78ad95fa46c994b6551d0da85fc275fe613ce37657fb8d5e3d130840159d822","0x000000000000000000000000283ae8d9a55e2995fd06953cb211ec39503042ec","0x000000000000000000000000283ae8d9a55e2995fd06953cb211ec39503042ec",null],"transaction_hash":"0x2a6cf02d7d58a9cc25d0b5226f1f050bd3ed89672736fe65e7b3f5a546246967"}
{"address":{"ens_domain_name":null,"hash":"0xdB17C4949B7c52B3A4346541F0638ab6254eFdA2","implementations":[],"is_contract":false,"is_verified":null,"metadata":null,"name":null,"private_tags":[],"proxy_type":null,"public_tags":[],"watchlist_names":[]},"block_hash":null,"block_number":1296742,"data":"0x00000000000000000000000000000000000000000000fc12dd4e9cbe4906a8f100000000000000000000000000000000000000000002deacb0d41ad1da0254cf","decoded":{"method_call":"Sync(uint112 reserve0, uint112 reserve1)","method_id":"1c411e9a","parameters":[{"indexed":false,"name":"reserve0","type":"uint112","value":"1190384341932149014178033"},{"indexed":false,"name":"reserve1","type":"uint112","value":"3469402580245731975779535"}]},"event_type":"Sync","index":3,"level":"info","message":"Sync Log Decoded: ","smart_contract":{"ens_domain_name":null,"hash":"0xdB17C4949B7c52B3A4346541F0638ab6254eFdA2","implementations":[],"is_contract":true,"is_scam":false,"is_verified":false,"metadata":null,"name":null,"private_tags":[],"proxy_type":"unknown","public_tags":[],"watchlist_names":[]},"timestamp":1742440667,"topics":["0x1c411e9a96e071241c2f21f7726b17ae89e3cab4c78be50e062b03a9fffbbad1",null,null,null],"transaction_hash":"0x2a6cf02d7d58a9cc25d0b5226f1f050bd3ed89672736fe65e7b3f5a546246967"}
{"level":"info","message":"Result TestgetSwapGraph:","timestamp":"2025-03-27T08:07:33.235Z"}
{"level":"info","message":"Result TestgetAllPairs:","timestamp":"2025-03-27T08:07:33.716Z"}
{"level":"info","message":"Result Testdexdata:","timestamp":"2025-03-27T08:07:34.143Z"}
{"level":"info","message":"Result TestgetPairDetails:","timestamp":"2025-03-27T08:07:34.583Z"}
{"level":"info","message":"Result TestgetTokenConfigDetails:","timestamp":"2025-03-27T08:07:34.585Z"}
{"level":"info","message":"Result TestisEthereumToken:","timestamp":"2025-03-27T08:07:34.586Z"}
{"level":"info","message":"Result TestFaillisEthereumToken:","timestamp":"2025-03-27T08:07:34.588Z"}
{"level":"info","message":"Result TestgetTokenConfig:","timestamp":"2025-03-27T08:07:34.589Z"}
{"level":"info","message":"Decoded input data:","timestamp":"2025-03-27T08:07:34.596Z"}
{"level":"info","message":"Method id:","timestamp":"2025-03-27T08:07:34.597Z"}
{"level":"info","message":"Call:","timestamp":"2025-03-27T08:07:34.597Z"}
{"level":"info","message":"Name:","timestamp":"2025-03-27T08:07:34.598Z"}
{"level":"info","message":"Arg 1:","timestamp":"2025-03-27T08:07:34.598Z"}
{"level":"info","message":"Type:","timestamp":"2025-03-27T08:07:34.600Z"}
{"level":"info","message":"Data:","timestamp":"2025-03-27T08:07:34.600Z"}
{"level":"info","message":"Arg 2:","timestamp":"2025-03-27T08:07:34.601Z"}
{"level":"info","message":"Type:","timestamp":"2025-03-27T08:07:34.601Z"}
{"level":"info","message":"Data:","timestamp":"2025-03-27T08:07:34.602Z"}
{"level":"info","message":"Arg 3:","timestamp":"2025-03-27T08:07:34.602Z"}
{"level":"info","message":"Type:","timestamp":"2025-03-27T08:07:34.603Z"}
{"level":"info","message":"Data:","timestamp":"2025-03-27T08:07:34.604Z"}
{"level":"info","message":"Arg 4:","timestamp":"2025-03-27T08:07:34.605Z"}
{"level":"info","message":"Type:","timestamp":"2025-03-27T08:07:34.605Z"}
{"level":"info","message":"Data:","timestamp":"2025-03-27T08:07:34.606Z"}
{"level":"info","message":"Arg 5:","timestamp":"2025-03-27T08:07:34.607Z"}
{"level":"info","message":"Type:","timestamp":"2025-03-27T08:07:34.607Z"}
{"level":"info","message":"Data:","timestamp":"2025-03-27T08:07:34.608Z"}
{"0":"0x829f41402bD438E7c7121fbDa9E29976062D877F","1":"0xB47a97E4c65A38F7759d17C6414292E498A01538","level":"info","message":"Result TestInputData:","timestamp":"2025-03-27T08:07:34.608Z"}
{"accessList":null,"blockHash":"0x1669972e567398a311795b45b99c00aa2a731628bc34e169c8631209cfc9e5c0","blockNumber":1469241,"chainId":3364,"confirmations":34756,"creates":null,"data":"0x5c11d79500000000000000000000000000000000000000000000000ad78ebc5ac620000000000000000000000000000000000000000000000000000077b5ead2e304584900000000000000000000000000000000000000000000000000000000000000a0000000000000000000000000e2d07b166ae6332cd91409a7fa8f2bb7224050d50000000000000000000000000000000000000000000000000000000067e373cb0000000000000000000000000000000000000000000000000000000000000003000000000000000000000000da4c79abfec6ab6de5459feb601271d6a06f5a47000000000000000000000000b47a97e4c65a38f7759d17c6414292e498a01538000000000000000000000000230c655bb288f3a5d7cfb43a92e9cefebaab46ed","from":"0xE2D07b166AE6332Cd91409a7FA8f2bB7224050d5","gasLimit":{"hex":"0x040268","type":"BigNumber"},"gasPrice":{"hex":"0x3b9aca07","type":"BigNumber"},"hash":"0xe97d1f0741d5b576f0cf56e4fb330892acc69bc77e810439afd3674ce52b4552","level":"info","message":"Result TestGetTxData:","nonce":30,"r":"0xe07abe5b9bac709b0c378f53fca7f4337037f4aa0e8f4fa37aa18393d61d9c02","s":"0x6c2783dadbdcd9a5be9d7bd64666ea292cd4432800daac919989e15078e1d29a","timestamp":"2025-03-27T08:07:34.897Z","to":"0x283aE8d9a55E2995fd06953Cb211Ec39503042eC","transactionIndex":0,"type":0,"v":6764,"value":{"hex":"0x00","type":"BigNumber"}}
{"level":"info","message":"Tests Completed.","timestamp":"2025-03-27T08:07:34.900Z"}
{"level":"info","message":"Test Results:\n    TestDecodeLog: OK\n    TestgetSwapGraph: OK\n    TestgetAllPairs: OK\n    Testdexdata: OK\n    TestgetPairDetails: OK\n    TestgetTokenConfigDetails: OK\n    TestisEthereumToken: OK\n    TestFaillisEthereumToken: OK\n    TestgetTokenConfig: OK\n    TestInputData: OK\n    TestGetTxData: OK","timestamp":"2025-03-27T08:07:34.901Z"}
